Arguments: 
  /home/gus/.asdf/installs/nodejs/16.18.1/bin/node /home/gus/.asdf/installs/yarn/1.22.17/bin/yarn.js add esbuilt

PATH: 
  /home/gus/.asdf/plugins/nodejs/shims:/home/gus/.asdf/installs/nodejs/16.18.1/.npm/bin:/home/gus/.asdf/installs/nodejs/16.18.1/bin:/home/gus/.asdf/installs/yarn/1.22.17/bin:/home/gus/.fly/bin:/home/gus/.asdf/shims:/home/gus/.asdf/bin:/home/gus/.cache/rebar3/bin:/home/gus/.bin:/usr/local/sbin:/usr/local/bin:/usr/sbin:/usr/bin:/sbin:/bin:/usr/games:/usr/local/games:/snap/bin:/usr/lib/jvm/java-17-oracle/bin:/usr/lib/jvm/java-17-oracle/db/bin

Yarn version: 
  1.22.17

Node version: 
  16.18.1

Platform: 
  linux x64

Trace: 
  Error: https://registry.yarnpkg.com/esbuilt: Not found
      at Request.params.callback [as _callback] (/home/gus/.asdf/installs/yarn/1.22.17/lib/cli.js:67029:18)
      at Request.self.callback (/home/gus/.asdf/installs/yarn/1.22.17/lib/cli.js:140883:22)
      at Request.emit (node:events:513:28)
      at Request.<anonymous> (/home/gus/.asdf/installs/yarn/1.22.17/lib/cli.js:141855:10)
      at Request.emit (node:events:513:28)
      at IncomingMessage.<anonymous> (/home/gus/.asdf/installs/yarn/1.22.17/lib/cli.js:141777:12)
      at Object.onceWrapper (node:events:627:28)
      at IncomingMessage.emit (node:events:525:35)
      at endReadableNT (node:internal/streams/readable:1358:12)
      at processTicksAndRejections (node:internal/process/task_queues:83:21)

npm manifest: 
  {
    "dependencies": {
      "@preact/signals": "^1.2.2",
      "preact": "^10.19.2"
    }
  }

yarn manifest: 
  No manifest

Lockfile: 
  # THIS IS AN AUTOGENERATED FILE. DO NOT EDIT THIS FILE DIRECTLY.
  # yarn lockfile v1
  
  
  "@preact/signals-core@^1.4.0":
    version "1.5.0"
    resolved "https://registry.yarnpkg.com/@preact/signals-core/-/signals-core-1.5.0.tgz#5d34db4d3c242c93e1cefb7ce8b2d10ecbdbfa79"
    integrity sha512-U2diO1Z4i1n2IoFgMYmRdHWGObNrcuTRxyNEn7deSq2cru0vj0583HYQZHsAqcs7FE+hQyX3mjIV7LAfHCvy8w==
  
  "@preact/signals@^1.2.2":
    version "1.2.2"
    resolved "https://registry.yarnpkg.com/@preact/signals/-/signals-1.2.2.tgz#78df53b2d7e6cdda0bb32843f12eb0418a0d82b0"
    integrity sha512-ColCqdo4cRP18bAuIR4Oik5rDpiyFtPIJIygaYPMEAwTnl4buWkBOflGBSzhYyPyJfKpkwlekrvK+1pzQ2ldWw==
    dependencies:
      "@preact/signals-core" "^1.4.0"
  
  preact@^10.19.2:
    version "10.19.2"
    resolved "https://registry.yarnpkg.com/preact/-/preact-10.19.2.tgz#841797620dba649aaac1f8be42d37c3202dcea8b"
    integrity sha512-UA9DX/OJwv6YwP9Vn7Ti/vF80XL+YA5H2l7BpCtUr3ya8LWHFzpiO5R+N7dN16ujpIxhekRFuOOF82bXX7K/lg==
